'2024-10-13 23:51:20,345 - src.data.biannual_report_downloader - INFO - Checking for stored reports...
'2024-10-13 23:51:20,345 - src.data.biannual_report_downloader - INFO - No valid stored reports found, downloading new reports ...
'2024-10-13 23:51:24,090 - src.data.biannual_report_downloader - INFO - COT reports downloaded successfully.
'2024-10-13 23:51:32,681 - src.data.biannual_report_downloader - INFO - Checking for stored reports...
'2024-10-13 23:51:33,301 - src.data.biannual_report_downloader - INFO - COT reports fetched from storage.
'2024-10-14 13:46:55,805 - src.data.biannual_report_downloader - INFO - Checking for stored reports...
'2024-10-14 13:46:56,563 - src.data.biannual_report_downloader - INFO - COT reports fetched from storage.
'2024-10-14 13:47:18,274 - src.data.biannual_report_downloader - INFO - Checking for stored reports...
'2024-10-14 13:47:18,753 - src.data.biannual_report_downloader - INFO - COT reports fetched from storage.
'2024-10-14 16:16:42,116 - src.data.biannual_report_downloader - INFO - Checking for stored reports...
'2024-10-14 16:16:42,116 - src.data.biannual_report_downloader - INFO - No valid stored reports found, downloading new reports ...
'2024-10-14 16:16:45,825 - src.data.biannual_report_downloader - INFO - COT reports downloaded successfully.
'2024-10-14 16:16:45,859 - src.data.biannual_report_downloader - INFO - Failed to download COT reports: Cannot save file into a non-existent directory: '<property object at 0x00000173C8A5CD60>\storage'.
'2024-10-14 16:19:17,252 - src.data.biannual_report_downloader - INFO - Checking for stored reports...
'2024-10-14 16:19:17,253 - src.data.biannual_report_downloader - INFO - No valid stored reports found, downloading new reports ...
'2024-10-14 16:19:20,852 - src.data.biannual_report_downloader - INFO - COT reports downloaded successfully.
'2024-10-14 16:19:20,871 - src.data.biannual_report_downloader - INFO - Failed to download COT reports: Cannot save file into a non-existent directory: '<property object at 0x0000026B0715D0D0>\storage'.
'2024-10-14 16:21:38,535 - src.data.biannual_report_downloader - INFO - Checking for stored reports...
'2024-10-14 16:21:38,536 - src.data.biannual_report_downloader - INFO - No valid stored reports found, downloading new reports ...
'2024-10-14 16:21:42,247 - src.data.biannual_report_downloader - INFO - COT reports downloaded successfully.
'2024-10-14 16:21:42,264 - src.data.biannual_report_downloader - INFO - Failed to download COT reports: Cannot save file into a non-existent directory: '<property object at 0x000001C67135CF40>\storage'.
'2024-10-14 16:26:51,377 - src.data.biannual_report_downloader - INFO - Checking for stored reports...
'2024-10-14 16:26:51,377 - src.data.biannual_report_downloader - INFO - No valid stored reports found, downloading new reports ...
'2024-10-14 16:26:55,050 - src.data.biannual_report_downloader - INFO - COT reports downloaded successfully.
'2024-10-14 16:26:55,069 - src.data.biannual_report_downloader - INFO - Failed to download COT reports: Cannot save file into a non-existent directory: '<function DirectoryHelper.root_dir at 0x0000015722BE27A0>\storage'.
'2024-10-14 16:27:11,641 - src.data.biannual_report_downloader - INFO - Checking for stored reports...
'2024-10-14 16:27:12,247 - src.data.biannual_report_downloader - INFO - COT reports fetched from storage.
'2024-10-14 16:29:31,928 - src.data.biannual_report_downloader - INFO - Checking for stored reports...
'2024-10-14 16:29:32,440 - src.data.biannual_report_downloader - INFO - COT reports fetched from storage.
'2024-10-14 16:31:28,768 - src.data.biannual_report_downloader - INFO - Checking for stored reports...
'2024-10-14 16:31:29,477 - src.data.biannual_report_downloader - INFO - COT reports fetched from storage.
'2024-10-14 16:32:01,226 - src.data.biannual_report_downloader - INFO - Checking for stored reports...
'2024-10-14 16:32:02,000 - src.data.biannual_report_downloader - INFO - COT reports fetched from storage.
'2024-10-14 16:34:05,941 - src.data.biannual_report_downloader - INFO - Checking for stored reports...
'2024-10-14 16:34:06,479 - src.data.biannual_report_downloader - INFO - COT reports fetched from storage.
'2024-10-14 16:40:04,061 - src.data.biannual_report_downloader - INFO - Checking for stored reports...
'2024-10-14 16:40:04,656 - src.data.biannual_report_downloader - INFO - COT reports fetched from storage.
'2024-10-14 16:40:28,275 - src.data.biannual_report_downloader - INFO - Checking for stored reports...
'2024-10-14 16:40:28,747 - src.data.biannual_report_downloader - INFO - COT reports fetched from storage.
'2024-10-14 16:43:03,622 - src.data.biannual_report_downloader - INFO - Checking for stored reports...
'2024-10-14 16:43:04,097 - src.data.biannual_report_downloader - INFO - COT reports fetched from storage.
'2024-10-14 16:45:09,093 - src.data.biannual_report_downloader - INFO - Checking for stored reports...
'2024-10-14 16:45:09,610 - src.data.biannual_report_downloader - INFO - COT reports fetched from storage.
'2024-10-14 16:46:09,163 - src.data.biannual_report_downloader - INFO - Checking for stored reports...
'2024-10-14 16:46:09,758 - src.data.biannual_report_downloader - INFO - COT reports fetched from storage.
'2024-10-14 16:46:54,656 - src.data.biannual_report_downloader - INFO - Checking for stored reports...
'2024-10-14 16:46:55,248 - src.data.biannual_report_downloader - INFO - COT reports fetched from storage.
'2024-10-14 16:47:31,356 - src.data.biannual_report_downloader - INFO - Checking for stored reports...
'2024-10-14 16:47:31,846 - src.data.biannual_report_downloader - INFO - COT reports fetched from storage.
'2024-10-14 16:48:58,182 - src.data.biannual_report_downloader - INFO - Checking for stored reports...
'2024-10-14 16:48:58,644 - src.data.biannual_report_downloader - INFO - Failed to download COT reports: 'Series' object has no attribute 'date'.
'2024-10-14 16:50:47,589 - src.data.biannual_report_downloader - INFO - Checking for stored reports...
'2024-10-14 16:50:48,035 - src.data.biannual_report_downloader - INFO - Failed to download COT reports: 'Series' object has no attribute 'datetime'.
'2024-10-14 16:51:43,808 - src.data.biannual_report_downloader - INFO - Checking for stored reports...
'2024-10-14 16:51:44,345 - src.data.biannual_report_downloader - INFO - Failed to download COT reports: 'Series' object has no attribute 'datetime'.
'2024-10-14 16:52:52,271 - src.data.biannual_report_downloader - INFO - Checking for stored reports...
'2024-10-14 16:52:52,967 - src.data.biannual_report_downloader - INFO - COT reports fetched from storage.
'2024-10-14 17:01:04,258 - src.data.biannual_report_downloader - INFO - Checking for stored reports...
'2024-10-14 17:01:04,766 - src.data.biannual_report_downloader - INFO - COT reports fetched from storage.
'2024-10-14 17:01:26,174 - src.data.biannual_report_downloader - INFO - Checking for stored reports...
'2024-10-14 17:01:26,175 - src.data.biannual_report_downloader - INFO - No valid stored reports found, downloading new reports ...
'2024-10-14 17:01:30,068 - src.data.biannual_report_downloader - INFO - COT reports downloaded successfully.
'2024-10-14 17:07:37,206 - src.data.biannual_report_downloader - INFO - Checking for stored reports...
'2024-10-14 17:07:37,926 - src.data.biannual_report_downloader - INFO - COT reports fetched from storage.
'2024-10-14 17:11:16,533 - src.data.biannual_report_downloader - INFO - Checking for stored reports...
'2024-10-14 17:11:17,092 - src.data.biannual_report_downloader - INFO - COT reports fetched from storage.
'2024-10-14 17:21:10,304 - src.data.biannual_report_downloader - INFO - Checking for stored reports...
'2024-10-14 17:21:11,075 - src.data.biannual_report_downloader - INFO - COT reports fetched from storage.
'2024-10-14 17:26:53,025 - src.data.biannual_report_downloader - INFO - Checking for stored reports...
'2024-10-14 17:26:53,695 - src.data.biannual_report_downloader - INFO - COT reports fetched from storage.
'2024-10-14 17:27:24,023 - src.data.biannual_report_downloader - INFO - Checking for stored reports...
'2024-10-14 17:27:24,689 - src.data.biannual_report_downloader - INFO - COT reports fetched from storage.
'2024-10-14 17:30:45,954 - src.data.biannual_report_downloader - INFO - Checking for stored reports...
'2024-10-14 17:30:46,506 - src.data.biannual_report_downloader - INFO - COT reports fetched from storage.
'2024-10-14 17:34:50,181 - src.data.biannual_report_downloader - INFO - Checking for stored reports...
'2024-10-14 17:34:50,840 - src.data.biannual_report_downloader - INFO - COT reports fetched from storage.
'2024-10-14 17:39:16,709 - src.data.biannual_report_downloader - INFO - Checking for stored reports...
'2024-10-14 17:39:17,202 - src.data.biannual_report_downloader - INFO - Failed to download COT reports: 'DatetimeProperties' object has no attribute 'strtime'.
'2024-10-14 17:39:50,515 - src.data.biannual_report_downloader - INFO - Checking for stored reports...
'2024-10-14 17:39:51,202 - src.data.biannual_report_downloader - INFO - COT reports fetched from storage.
'2024-10-14 17:41:26,503 - src.data.biannual_report_downloader - INFO - Checking for stored reports...
'2024-10-14 17:41:27,169 - src.data.biannual_report_downloader - INFO - COT reports fetched from storage.
'2024-10-14 17:48:42,702 - src.data.biannual_report_downloader - INFO - Checking for stored reports...
'2024-10-14 17:48:43,388 - src.data.biannual_report_downloader - INFO - COT reports fetched from storage.
'2024-10-14 17:52:43,824 - src.data.biannual_report_downloader - INFO - Checking for stored reports...
'2024-10-14 17:52:44,354 - src.data.biannual_report_downloader - INFO - COT reports fetched from storage.
'2024-10-14 17:57:10,484 - src.data.biannual_report_downloader - INFO - Checking for stored reports...
'2024-10-14 17:57:11,147 - src.data.biannual_report_downloader - INFO - COT reports fetched from storage.
'2024-10-14 18:01:48,646 - src.data.biannual_report_downloader - INFO - Checking for stored reports...
'2024-10-14 18:01:49,224 - src.data.biannual_report_downloader - INFO - COT reports fetched from storage.
'2024-10-14 18:02:38,175 - src.data.biannual_report_downloader - INFO - Checking for stored reports...
'2024-10-14 18:02:38,775 - src.data.biannual_report_downloader - INFO - COT reports fetched from storage.
'2024-10-14 18:03:50,704 - src.data.biannual_report_downloader - INFO - Checking for stored reports...
'2024-10-14 18:03:51,388 - src.data.biannual_report_downloader - INFO - COT reports fetched from storage.
'2024-10-14 18:08:06,703 - src.data.biannual_report_downloader - INFO - Checking for stored reports...
'2024-10-14 18:08:07,444 - src.data.biannual_report_downloader - INFO - COT reports fetched from storage.
'2024-10-14 18:12:50,784 - src.data.biannual_report_downloader - INFO - Checking for stored reports...
'2024-10-14 18:12:51,420 - src.data.biannual_report_downloader - INFO - COT reports fetched from storage.
'2024-10-14 18:19:02,587 - src.data.biannual_report_downloader - INFO - Checking for stored reports...
'2024-10-14 18:19:03,395 - src.data.biannual_report_downloader - INFO - COT reports fetched from storage.
'2024-10-14 21:58:26,984 - src.data.biannual_report_downloader - INFO - Checking for stored reports...
'2024-10-14 21:58:27,678 - src.data.biannual_report_downloader - INFO - COT reports fetched from storage.
'2024-10-14 22:04:16,949 - src.data.biannual_report_downloader - INFO - Checking for stored reports...
'2024-10-14 22:04:17,577 - src.data.biannual_report_downloader - INFO - COT reports fetched from storage.
'2024-10-14 22:35:19,748 - src.data.biannual_report_downloader - INFO - Checking for stored reports...
'2024-10-14 22:35:20,323 - src.data.biannual_report_downloader - INFO - COT reports fetched from storage.
'2024-10-14 22:36:37,737 - src.data.biannual_report_downloader - INFO - Checking for stored reports...
'2024-10-14 22:36:38,299 - src.data.biannual_report_downloader - INFO - COT reports fetched from storage.
'2024-10-14 22:39:52,125 - src.data.biannual_report_downloader - INFO - Checking for stored reports...
'2024-10-14 22:39:52,125 - src.data.biannual_report_downloader - INFO - No valid stored reports found, downloading new reports ...
'2024-10-14 22:39:55,902 - src.data.biannual_report_downloader - INFO - COT reports downloaded successfully.
'2024-10-14 22:39:55,957 - src.data.biannual_report_downloader - INFO - Failed to download COT reports: 'Market and Exchange Name'.
'2024-10-14 22:40:33,175 - src.data.biannual_report_downloader - INFO - Checking for stored reports...
'2024-10-14 22:40:33,176 - src.data.biannual_report_downloader - INFO - No valid stored reports found, downloading new reports ...
'2024-10-14 22:40:36,724 - src.data.biannual_report_downloader - INFO - COT reports downloaded successfully.
'2024-10-14 22:45:23,245 - src.data.biannual_report_downloader - INFO - Checking for stored reports...
'2024-10-14 22:45:23,246 - src.data.biannual_report_downloader - INFO - No valid stored reports found, downloading new reports ...
'2024-10-14 22:45:26,894 - src.data.biannual_report_downloader - INFO - COT reports downloaded successfully.
'2024-10-14 22:50:59,321 - src.data.biannual_report_downloader - INFO - Checking for stored reports...
'2024-10-14 22:51:00,176 - src.data.biannual_report_downloader - INFO - COT reports fetched from storage.
'2024-10-14 22:55:38,473 - src.data.biannual_report_downloader - INFO - Checking for stored reports...
'2024-10-14 22:55:39,055 - src.data.biannual_report_downloader - INFO - COT reports fetched from storage.
'2024-10-14 22:57:01,322 - src.data.biannual_report_downloader - INFO - Checking for stored reports...
'2024-10-14 22:57:01,929 - src.data.biannual_report_downloader - INFO - COT reports fetched from storage.
'2024-10-14 22:57:59,387 - src.data.biannual_report_downloader - INFO - Checking for stored reports...
'2024-10-14 22:57:59,890 - src.data.biannual_report_downloader - INFO - COT reports fetched from storage.
'2024-10-14 22:58:25,299 - src.data.biannual_report_downloader - INFO - Checking for stored reports...
'2024-10-14 22:58:25,925 - src.data.biannual_report_downloader - INFO - COT reports fetched from storage.
'2024-10-14 23:13:15,537 - src.data.biannual_report_downloader - INFO - Checking for stored reports...
'2024-10-14 23:13:16,281 - src.data.biannual_report_downloader - INFO - COT reports fetched from storage.
'2024-10-14 23:14:39,560 - src.data.biannual_report_downloader - INFO - Checking for stored reports...
'2024-10-14 23:14:40,271 - src.data.biannual_report_downloader - INFO - COT reports fetched from storage.
'2024-10-14 23:19:34,566 - src.data.biannual_report_downloader - INFO - Checking for stored reports...
'2024-10-14 23:19:35,357 - src.data.biannual_report_downloader - INFO - COT reports fetched from storage.
'2024-10-14 23:19:56,878 - src.data.biannual_report_downloader - INFO - Checking for stored reports...
'2024-10-14 23:19:57,687 - src.data.biannual_report_downloader - INFO - COT reports fetched from storage.
'2024-10-14 23:20:45,128 - src.data.biannual_report_downloader - INFO - Checking for stored reports...
'2024-10-14 23:20:45,919 - src.data.biannual_report_downloader - INFO - COT reports fetched from storage.
'2024-10-14 23:24:14,969 - src.data.biannual_report_downloader - INFO - Checking for stored reports...
'2024-10-14 23:24:15,818 - src.data.biannual_report_downloader - INFO - COT reports fetched from storage.
'2024-10-14 23:25:43,746 - src.data.biannual_report_downloader - INFO - Checking for stored reports...
'2024-10-14 23:25:44,445 - src.data.biannual_report_downloader - INFO - COT reports fetched from storage.
'2024-10-14 23:27:50,024 - src.data.biannual_report_downloader - INFO - Checking for stored reports...
'2024-10-14 23:27:50,628 - src.data.biannual_report_downloader - INFO - COT reports fetched from storage.
'2024-10-14 23:28:28,992 - src.data.biannual_report_downloader - INFO - Checking for stored reports...
'2024-10-14 23:28:29,710 - src.data.biannual_report_downloader - INFO - COT reports fetched from storage.
'2024-10-14 23:29:43,612 - src.data.biannual_report_downloader - INFO - Checking for stored reports...
'2024-10-14 23:29:44,430 - src.data.biannual_report_downloader - INFO - COT reports fetched from storage.
'2024-10-14 23:30:07,016 - src.data.biannual_report_downloader - INFO - Checking for stored reports...
'2024-10-14 23:30:07,801 - src.data.biannual_report_downloader - INFO - COT reports fetched from storage.
'2024-10-14 23:34:03,503 - src.data.biannual_report_downloader - INFO - Checking for stored reports...
'2024-10-14 23:34:04,289 - src.data.biannual_report_downloader - INFO - COT reports fetched from storage.
'2024-10-14 23:34:47,083 - src.data.biannual_report_downloader - INFO - Checking for stored reports...
'2024-10-14 23:34:47,808 - src.data.biannual_report_downloader - INFO - COT reports fetched from storage.
'2024-10-14 23:35:31,518 - src.data.biannual_report_downloader - INFO - Checking for stored reports...
'2024-10-14 23:35:32,344 - src.data.biannual_report_downloader - INFO - COT reports fetched from storage.
'2024-10-14 23:36:06,498 - src.data.biannual_report_downloader - INFO - Checking for stored reports...
'2024-10-14 23:36:07,284 - src.data.biannual_report_downloader - INFO - COT reports fetched from storage.
'2024-10-14 23:36:39,645 - src.data.biannual_report_downloader - INFO - Checking for stored reports...
'2024-10-14 23:36:40,190 - src.data.biannual_report_downloader - INFO - COT reports fetched from storage.
'2024-10-14 23:46:32,280 - src.data.biannual_report_downloader - INFO - Checking for stored reports...
'2024-10-14 23:46:32,944 - src.data.biannual_report_downloader - INFO - COT reports fetched from storage.
'2024-10-14 23:47:08,680 - src.data.biannual_report_downloader - INFO - Checking for stored reports...
'2024-10-14 23:47:09,434 - src.data.biannual_report_downloader - INFO - COT reports fetched from storage.
'2024-10-14 23:47:37,043 - src.data.biannual_report_downloader - INFO - Checking for stored reports...
'2024-10-14 23:47:37,687 - src.data.biannual_report_downloader - INFO - COT reports fetched from storage.
'2024-10-14 23:47:57,102 - src.data.biannual_report_downloader - INFO - Checking for stored reports...
'2024-10-14 23:47:57,866 - src.data.biannual_report_downloader - INFO - COT reports fetched from storage.
'2024-10-14 23:48:22,302 - src.data.biannual_report_downloader - INFO - Checking for stored reports...
'2024-10-14 23:48:23,016 - src.data.biannual_report_downloader - INFO - COT reports fetched from storage.
'2024-10-14 23:48:39,495 - src.data.biannual_report_downloader - INFO - Checking for stored reports...
'2024-10-14 23:48:40,297 - src.data.biannual_report_downloader - INFO - COT reports fetched from storage.
'2024-10-15 02:33:05,628 - src.data.biannual_report_downloader - INFO - Checking for stored reports...
'2024-10-15 02:33:06,383 - src.data.biannual_report_downloader - INFO - COT reports fetched from storage.
'2024-10-15 02:33:45,596 - src.data.biannual_report_downloader - INFO - Checking for stored reports...
'2024-10-15 02:33:46,199 - src.data.biannual_report_downloader - INFO - COT reports fetched from storage.
